<?xml version="1.0" encoding="UTF-8"?>
<testng-results ignored="0" total="1" passed="1" failed="0" skipped="0">
  <reporter-output>
  </reporter-output>
  <suite started-at="2022-09-18T16:10:11 EDT" name="Default suite" finished-at="2022-09-18T16:10:18 EDT" duration-ms="7004">
    <groups>
    </groups>
    <test started-at="2022-09-18T16:10:11 EDT" name="Default test" finished-at="2022-09-18T16:10:18 EDT" duration-ms="7004">
      <class name="selenium.Calender">
        <test-method signature="getCalender()[pri:0, instance:selenium.Calender@22555ebf]" started-at="2022-09-18T16:10:11 EDT" name="getCalender" finished-at="2022-09-18T16:10:18 EDT" duration-ms="6966" status="PASS">
          <reporter-output>
          </reporter-output>
        </test-method> <!-- getCalender -->
      </class> <!-- selenium.Calender -->
    </test> <!-- Default test -->
  </suite> <!-- Default suite -->
</testng-results>
